<?xml version="1.0" encoding="UTF-8"?>
<!-- Generated by org.testng.reporters.JUnitReportReporter -->
<testsuite hostname="DESKTOP-Q82OL9U" failures="0" tests="1" name="mx_player.mx_player" time="16.970" errors="0" timestamp="2024-09-02T13:44:54 IST" skipped="0">
  <testcase classname="mx_player.mx_player" name="tc1" time="16.970"/>
  <system-out/>
</testsuite> <!-- mx_player.mx_player -->
